Command line invocation:
    /Applications/Xcode.app/Contents/Developer/usr/bin/xcodebuild -project VoiceControlApp.xcodeproj -scheme VoiceControlApp -destination "platform=iOS Simulator,name=iPhone 16 18.5,OS=18.5" -configuration Debug build

Resolve Package Graph


Resolved source packages:
  nanopb: https://github.com/firebase/nanopb.git @ 2.30910.0
  SwiftProtobuf: https://github.com/apple/swift-protobuf.git @ 1.30.0
  AppAuth: https://github.com/openid/AppAuth-iOS.git @ 2.0.0
  HotSwiftUI: https://github.com/johnno1962/HotSwiftUI @ 1.2.1
  InteropForGoogle: https://github.com/google/interop-ios-for-google-sdks.git @ 101.0.0
  Firebase: https://github.com/firebase/firebase-ios-sdk.git @ 11.15.0
  GoogleSignIn: https://github.com/google/GoogleSignIn-iOS @ 9.0.0
  AppCheck: https://github.com/google/app-check.git @ 11.2.0
  GTMAppAuth: https://github.com/google/GTMAppAuth.git @ 5.0.0
  Promises: https://github.com/google/promises.git @ 2.4.0
  gRPC: https://github.com/google/grpc-binary.git @ 1.69.0
  GoogleAdsOnDeviceConversion: https://github.com/googleads/google-ads-on-device-conversion-ios-sdk @ 2.1.0
  GoogleDataTransport: https://github.com/google/GoogleDataTransport.git @ 10.1.0
  GTMSessionFetcher: https://github.com/google/gtm-session-fetcher.git @ 3.5.0
  abseil: https://github.com/google/abseil-cpp-binary.git @ 1.2024072200.0
  GoogleAppMeasurement: https://github.com/google/GoogleAppMeasurement.git @ 11.15.0
  leveldb: https://github.com/firebase/leveldb.git @ 1.22.5
  GoogleUtilities: https://github.com/google/GoogleUtilities.git @ 8.1.0
  Starscream: https://github.com/daltoniam/Starscream.git @ 4.0.8

--- xcodebuild: WARNING: Using the first of multiple matching destinations:
{ platform:iOS Simulator, arch:arm64, id:5B1989A0-1EC8-4187-8A99-466B20CB58F2, OS:18.5, name:iPhone 16 18.5 }
{ platform:iOS Simulator, arch:x86_64, id:5B1989A0-1EC8-4187-8A99-466B20CB58F2, OS:18.5, name:iPhone 16 18.5 }
ComputePackagePrebuildTargetDependencyGraph

Prepare packages

CreateBuildRequest

SendProjectDescription

CreateBuildOperation

ComputeTargetDependencyGraph
